<?xml version="1.0" encoding="UTF-8"?>
<!-- Generated by org.testng.reporters.JUnitReportReporter -->
<testsuite hostname="IdeaPad3-15IIL05" failures="0" tests="2" name="testcases.LoginHandle" time="32.916" errors="0" timestamp="2023-08-23T13:33:30 IST" skipped="0">
  <testcase classname="testcases.LoginHandle" name="login" time="15.171"/>
  <testcase classname="testcases.LoginHandle" name="login" time="17.745"/>
</testsuite> <!-- testcases.LoginHandle -->
