<?xml version="1.0" encoding="UTF-8"?>
<!-- Generated by org.testng.reporters.JUnitReportReporter -->
<testsuite hostname="IdeaPad3-15IIL05" failures="0" tests="1" name="testcases.HandlingExcel" time="29.583" errors="0" timestamp="2023-08-07T08:12:16 IST" skipped="0">
  <testcase classname="testcases.HandlingExcel" name="excel" time="29.583"/>
</testsuite> <!-- testcases.HandlingExcel -->
