<?xml version="1.0" encoding="UTF-8"?>
<!-- Generated by org.testng.reporters.JUnitReportReporter -->
<testsuite hostname="IdeaPad3-15IIL05" failures="0" tests="1" name="testcases.VerifyLogin" time="7.815" errors="0" timestamp="2023-08-01T09:01:30 IST" skipped="0">
  <testcase classname="testcases.VerifyLogin" name="login" time="7.815"/>
</testsuite> <!-- testcases.VerifyLogin -->
