<?xml version="1.0" encoding="UTF-8"?>
<!-- Generated by org.testng.reporters.JUnitReportReporter -->
<testsuite hostname="IdeaPad3-15IIL05" failures="0" tests="3" name="testcases.LoginHandle" time="53.366" errors="0" timestamp="2023-08-05T10:27:38 IST" skipped="0">
  <testcase classname="testcases.LoginHandle" name="login" time="20.319"/>
  <testcase classname="testcases.LoginHandle" name="login" time="15.758"/>
  <testcase classname="testcases.LoginHandle" name="login" time="17.289"/>
</testsuite> <!-- testcases.LoginHandle -->
