<?xml version="1.0" encoding="UTF-8"?>
<!-- Generated by org.testng.reporters.JUnitReportReporter -->
<testsuite hostname="IdeaPad3-15IIL05" failures="0" tests="1" name="testcases.SignUpHandle" time="73.067" errors="0" timestamp="2023-08-05T10:35:34 IST" skipped="0">
  <testcase classname="testcases.SignUpHandle" name="signup" time="73.067"/>
</testsuite> <!-- testcases.SignUpHandle -->
