<?xml version="1.0" encoding="UTF-8"?>
<!-- Generated by org.testng.reporters.JUnitReportReporter -->
<testsuite hostname="IdeaPad3-15IIL05" failures="0" tests="1" name="testcases.SignUpHandle" time="54.203" errors="0" timestamp="2023-08-23T13:34:51 IST" skipped="0">
  <testcase classname="testcases.SignUpHandle" name="signup" time="54.203"/>
</testsuite> <!-- testcases.SignUpHandle -->
