<?xml version="1.0" encoding="UTF-8"?>
<!-- Generated by org.testng.reporters.JUnitReportReporter -->
<testsuite hostname="IdeaPad3-15IIL05" failures="0" tests="1" name="testcases.SignUpHandle" time="50.640" errors="0" timestamp="2023-08-23T15:01:18 IST" skipped="0">
  <testcase classname="testcases.SignUpHandle" name="signup" time="50.640"/>
</testsuite> <!-- testcases.SignUpHandle -->
