<?xml version="1.0" encoding="UTF-8"?>
<!-- Generated by org.testng.reporters.JUnitReportReporter -->
<testsuite hostname="IdeaPad3-15IIL05" failures="0" tests="2" name="testcases.LoginHandle" time="32.907" errors="0" timestamp="2023-08-23T15:01:18 IST" skipped="0">
  <testcase classname="testcases.LoginHandle" name="login" time="15.900"/>
  <testcase classname="testcases.LoginHandle" name="login" time="17.007"/>
</testsuite> <!-- testcases.LoginHandle -->
